{
  message: 'POST /api/dashboard - 404.70ms',
  level: 'info',
  timestamp: '2024-09-23T17:49:46.668Z'
}
{
  message: 'POST /api/dashboard - 440.88ms',
  level: 'info',
  timestamp: '2024-09-23T18:27:41.132Z'
}
{
  message: 'POST /api/dashboard - 102.06ms',
  level: 'info',
  timestamp: '2024-09-23T18:32:37.933Z'
}
{
  message: 'POST /api/dashboard/create - 218.11ms',
  level: 'info',
  timestamp: '2024-09-23T18:34:15.964Z'
}
{
  message: 'POST /api/dashboard - 373.71ms',
  level: 'info',
  timestamp: '2024-09-24T23:56:24.928Z'
}
{
  message: 'POST /api/dashboard - 419.74ms',
  level: 'info',
  timestamp: '2024-09-24T23:56:24.961Z'
}
{
  message: 'POST /api/dashboard/create - 223.45ms',
  level: 'info',
  timestamp: '2024-09-24T23:56:52.646Z'
}
{
  message: 'POST /api/dashboard - 489.61ms',
  level: 'info',
  timestamp: '2024-09-27T20:51:18.391Z'
}
{
  message: 'POST /api/dashboard - 501.74ms',
  level: 'info',
  timestamp: '2024-09-27T20:51:18.421Z'
}
{
  message: 'POST /api/dashboard - 755.68ms',
  level: 'info',
  timestamp: '2024-09-27T20:51:18.849Z'
}
{
  message: 'POST /api/dashboard - 99.32ms',
  level: 'info',
  timestamp: '2024-09-27T20:57:52.713Z'
}
{
  message: 'POST /api/dashboard - 110.82ms',
  level: 'info',
  timestamp: '2024-09-27T21:00:09.215Z'
}
{
  message: 'POST /api/dashboard - 112.88ms',
  level: 'info',
  timestamp: '2024-09-27T21:01:48.154Z'
}
{
  message: 'POST /api/dashboard - 110.29ms',
  level: 'info',
  timestamp: '2024-09-27T21:01:48.155Z'
}
{
  message: 'POST /api/dashboard - 104.02ms',
  level: 'info',
  timestamp: '2024-09-27T21:01:48.190Z'
}
{
  message: 'POST /api/dashboard - 113.19ms',
  level: 'info',
  timestamp: '2024-09-27T21:02:57.943Z'
}
{
  message: 'POST /api/dashboard - 118.16ms',
  level: 'info',
  timestamp: '2024-09-27T21:02:57.953Z'
}
{
  message: 'POST /api/dashboard - 107.87ms',
  level: 'info',
  timestamp: '2024-09-27T21:03:01.760Z'
}
{
  message: 'POST /api/dashboard - 116.82ms',
  level: 'info',
  timestamp: '2024-09-27T21:03:01.774Z'
}
{
  message: 'POST /api/dashboard - 99.10ms',
  level: 'info',
  timestamp: '2024-09-27T21:03:01.786Z'
}
{
  message: 'POST /api/dashboard - 102.66ms',
  level: 'info',
  timestamp: '2024-09-27T21:04:13.626Z'
}
{
  message: 'POST /api/dashboard - 305.78ms',
  level: 'info',
  timestamp: '2024-09-27T21:05:47.026Z'
}
{
  message: 'POST /api/dashboard - 120.66ms',
  level: 'info',
  timestamp: '2024-09-27T21:16:19.726Z'
}
{
  message: 'POST /api/dashboard - 110.56ms',
  level: 'info',
  timestamp: '2024-09-27T21:16:34.919Z'
}
{
  message: 'POST /api/dashboard - 102.97ms',
  level: 'info',
  timestamp: '2024-09-27T21:16:50.379Z'
}
{
  message: 'POST /api/dashboard - 416.14ms',
  level: 'info',
  timestamp: '2024-09-28T01:05:40.589Z'
}
{
  message: 'POST /api/dashboard - 446.48ms',
  level: 'info',
  timestamp: '2024-09-28T01:05:40.629Z'
}
{
  message: 'POST /api/dashboard - 104.02ms',
  level: 'info',
  timestamp: '2024-09-28T01:05:40.901Z'
}
{
  message: 'POST /api/dashboard - 112.63ms',
  level: 'info',
  timestamp: '2024-09-28T01:06:39.957Z'
}
{
  message: 'POST /api/dashboard - 106.23ms',
  level: 'info',
  timestamp: '2024-09-28T01:06:54.283Z'
}
{
  message: 'POST /api/dashboard - 110.19ms',
  level: 'info',
  timestamp: '2024-09-28T01:07:00.816Z'
}
{
  message: 'POST /api/dashboard - 120.51ms',
  level: 'info',
  timestamp: '2024-09-28T01:07:16.427Z'
}
{
  message: 'POST /api/dashboard - 129.25ms',
  level: 'info',
  timestamp: '2024-09-28T01:09:55.059Z'
}
{
  message: 'POST /api/dashboard - 109.66ms',
  level: 'info',
  timestamp: '2024-09-28T01:10:10.592Z'
}
{
  message: 'POST /api/dashboard - 107.20ms',
  level: 'info',
  timestamp: '2024-09-28T01:11:34.562Z'
}
{
  message: 'POST /api/dashboard - 107.07ms',
  level: 'info',
  timestamp: '2024-09-28T01:11:37.846Z'
}
{
  message: 'POST /api/dashboard - 104.41ms',
  level: 'info',
  timestamp: '2024-09-28T01:11:37.847Z'
}
{
  message: 'POST /api/dashboard - 451.71ms',
  level: 'info',
  timestamp: '2024-09-28T01:11:38.240Z'
}
{
  message: 'POST /api/dashboard - 427.66ms',
  level: 'info',
  timestamp: '2024-09-28T01:55:14.623Z'
}
{
  message: 'POST /api/dashboard - 111.74ms',
  level: 'info',
  timestamp: '2024-09-28T01:55:49.441Z'
}
{
  message: 'POST /api/dashboard - 107.75ms',
  level: 'info',
  timestamp: '2024-09-28T01:57:47.720Z'
}
{
  message: 'POST /api/dashboard - 472.97ms',
  level: 'info',
  timestamp: '2024-09-28T01:57:48.108Z'
}
{
  message: 'POST /api/dashboard - 501.95ms',
  level: 'info',
  timestamp: '2024-09-28T01:57:48.116Z'
}
{
  message: 'POST /api/dashboard - 106.32ms',
  level: 'info',
  timestamp: '2024-09-28T01:58:25.710Z'
}
{
  message: 'POST /api/dashboard - 107.77ms',
  level: 'info',
  timestamp: '2024-09-28T01:58:25.715Z'
}
{
  message: 'POST /api/dashboard - 116.68ms',
  level: 'info',
  timestamp: '2024-09-28T01:58:25.748Z'
}
