{
  message: 'Starting getUsersJobs function',
  level: 'info',
  timestamp: '2024-09-23T17:49:46.274Z'
}
{
  message: 'getUserByEmail - 339.61ms',
  level: 'info',
  timestamp: '2024-09-23T17:49:46.616Z'
}
{
  message: 'getUsersJobs - Total duration: 393.36ms',
  level: 'info',
  timestamp: '2024-09-23T17:49:46.667Z'
}
{
  message: 'Starting getUsersJobs function',
  level: 'info',
  timestamp: '2024-09-23T18:27:40.700Z'
}
{
  message: 'getUserByEmail - 374.34ms',
  level: 'info',
  timestamp: '2024-09-23T18:27:41.078Z'
}
{
  message: 'getUsersJobs - Total duration: 431.24ms',
  level: 'info',
  timestamp: '2024-09-23T18:27:41.131Z'
}
{
  message: 'Starting getUsersJobs function',
  level: 'info',
  timestamp: '2024-09-23T18:32:37.833Z'
}
{
  message: 'getUserByEmail - 50.78ms',
  level: 'info',
  timestamp: '2024-09-23T18:32:37.885Z'
}
{
  message: 'getUsersJobs - Total duration: 99.62ms',
  level: 'info',
  timestamp: '2024-09-23T18:32:37.933Z'
}
{
  message: 'getUserByEmail - 49.13ms',
  level: 'info',
  timestamp: '2024-09-23T18:34:15.796Z'
}
{
  message: 'Starting getUsersJobs function',
  level: 'info',
  timestamp: '2024-09-24T23:56:24.548Z'
}
{
  message: 'Starting getUsersJobs function',
  level: 'info',
  timestamp: '2024-09-24T23:56:24.555Z'
}
{
  message: 'getUserByEmail - 317.76ms',
  level: 'info',
  timestamp: '2024-09-24T23:56:24.873Z'
}
{
  message: 'getUserByEmail - 361.11ms',
  level: 'info',
  timestamp: '2024-09-24T23:56:24.911Z'
}
{
  message: 'getUsersJobs - Total duration: 372.74ms',
  level: 'info',
  timestamp: '2024-09-24T23:56:24.928Z'
}
{
  message: 'getUsersJobs - Total duration: 413.65ms',
  level: 'info',
  timestamp: '2024-09-24T23:56:24.961Z'
}
{
  message: 'getUserByEmail - 55.75ms',
  level: 'info',
  timestamp: '2024-09-24T23:56:52.482Z'
}
{
  message: 'Starting getUsersJobs function',
  level: 'info',
  timestamp: '2024-09-27T20:51:17.911Z'
}
{
  message: 'Starting getUsersJobs function',
  level: 'info',
  timestamp: '2024-09-27T20:51:17.920Z'
}
{
  message: 'Starting getUsersJobs function',
  level: 'info',
  timestamp: '2024-09-27T20:51:18.095Z'
}
{
  message: 'getUserByEmail - 418.76ms',
  level: 'info',
  timestamp: '2024-09-27T20:51:18.332Z'
}
{
  message: 'getUserByEmail - 444.64ms',
  level: 'info',
  timestamp: '2024-09-27T20:51:18.365Z'
}
{
  message: 'getUsersJobs - Total duration: 478.22ms',
  level: 'info',
  timestamp: '2024-09-27T20:51:18.389Z'
}
{
  message: 'getUsersJobs - Total duration: 500.30ms',
  level: 'info',
  timestamp: '2024-09-27T20:51:18.420Z'
}
{
  message: 'getUserByEmail - 495.63ms',
  level: 'info',
  timestamp: '2024-09-27T20:51:18.592Z'
}
{
  message: 'getUsersJobs - Total duration: 753.59ms',
  level: 'info',
  timestamp: '2024-09-27T20:51:18.849Z'
}
{
  message: 'Starting getUsersJobs function',
  level: 'info',
  timestamp: '2024-09-27T20:57:52.614Z'
}
{
  message: 'getUserByEmail - 49.10ms',
  level: 'info',
  timestamp: '2024-09-27T20:57:52.664Z'
}
{
  message: 'getUsersJobs - Total duration: 98.28ms',
  level: 'info',
  timestamp: '2024-09-27T20:57:52.712Z'
}
{
  message: 'Starting getUsersJobs function',
  level: 'info',
  timestamp: '2024-09-27T21:00:09.105Z'
}
{
  message: 'getUserByEmail - 53.07ms',
  level: 'info',
  timestamp: '2024-09-27T21:00:09.159Z'
}
{
  message: 'getUsersJobs - Total duration: 107.57ms',
  level: 'info',
  timestamp: '2024-09-27T21:00:09.213Z'
}
{
  message: 'Starting getUsersJobs function',
  level: 'info',
  timestamp: '2024-09-27T21:01:48.042Z'
}
{
  message: 'Starting getUsersJobs function',
  level: 'info',
  timestamp: '2024-09-27T21:01:48.045Z'
}
{
  message: 'Starting getUsersJobs function',
  level: 'info',
  timestamp: '2024-09-27T21:01:48.086Z'
}
{
  message: 'getUserByEmail - 59.89ms',
  level: 'info',
  timestamp: '2024-09-27T21:01:48.103Z'
}
{
  message: 'getUserByEmail - 59.97ms',
  level: 'info',
  timestamp: '2024-09-27T21:01:48.106Z'
}
{
  message: 'getUserByEmail - 51.97ms',
  level: 'info',
  timestamp: '2024-09-27T21:01:48.139Z'
}
{
  message: 'getUsersJobs - Total duration: 110.73ms',
  level: 'info',
  timestamp: '2024-09-27T21:01:48.153Z'
}
{
  message: 'getUsersJobs - Total duration: 109.20ms',
  level: 'info',
  timestamp: '2024-09-27T21:01:48.155Z'
}
{
  message: 'getUsersJobs - Total duration: 102.79ms',
  level: 'info',
  timestamp: '2024-09-27T21:01:48.189Z'
}
{
  message: 'Starting getUsersJobs function',
  level: 'info',
  timestamp: '2024-09-27T21:02:57.831Z'
}
{
  message: 'Starting getUsersJobs function',
  level: 'info',
  timestamp: '2024-09-27T21:02:57.835Z'
}
{
  message: 'getUserByEmail - 55.14ms',
  level: 'info',
  timestamp: '2024-09-27T21:02:57.887Z'
}
{
  message: 'getUserByEmail - 60.23ms',
  level: 'info',
  timestamp: '2024-09-27T21:02:57.896Z'
}
{
  message: 'getUsersJobs - Total duration: 110.78ms',
  level: 'info',
  timestamp: '2024-09-27T21:02:57.942Z'
}
{
  message: 'getUsersJobs - Total duration: 116.73ms',
  level: 'info',
  timestamp: '2024-09-27T21:02:57.952Z'
}
{
  message: 'Starting getUsersJobs function',
  level: 'info',
  timestamp: '2024-09-27T21:03:01.653Z'
}
{
  message: 'Starting getUsersJobs function',
  level: 'info',
  timestamp: '2024-09-27T21:03:01.657Z'
}
{
  message: 'Starting getUsersJobs function',
  level: 'info',
  timestamp: '2024-09-27T21:03:01.687Z'
}
{
  message: 'getUserByEmail - 57.01ms',
  level: 'info',
  timestamp: '2024-09-27T21:03:01.711Z'
}
{
  message: 'getUserByEmail - 63.18ms',
  level: 'info',
  timestamp: '2024-09-27T21:03:01.721Z'
}
{
  message: 'getUserByEmail - 48.93ms',
  level: 'info',
  timestamp: '2024-09-27T21:03:01.737Z'
}
{
  message: 'getUsersJobs - Total duration: 106.80ms',
  level: 'info',
  timestamp: '2024-09-27T21:03:01.760Z'
}
{
  message: 'getUsersJobs - Total duration: 115.67ms',
  level: 'info',
  timestamp: '2024-09-27T21:03:01.773Z'
}
{
  message: 'getUsersJobs - Total duration: 98.08ms',
  level: 'info',
  timestamp: '2024-09-27T21:03:01.785Z'
}
{
  message: 'Starting getUsersJobs function',
  level: 'info',
  timestamp: '2024-09-27T21:04:13.524Z'
}
{
  message: 'getUserByEmail - 53.06ms',
  level: 'info',
  timestamp: '2024-09-27T21:04:13.577Z'
}
{
  message: 'getUsersJobs - Total duration: 101.78ms',
  level: 'info',
  timestamp: '2024-09-27T21:04:13.625Z'
}
{
  message: 'Starting getUsersJobs function',
  level: 'info',
  timestamp: '2024-09-27T21:05:46.721Z'
}
{
  message: 'getUserByEmail - 54.54ms',
  level: 'info',
  timestamp: '2024-09-27T21:05:46.777Z'
}
{
  message: 'getUsersJobs - Total duration: 304.81ms',
  level: 'info',
  timestamp: '2024-09-27T21:05:47.026Z'
}
{
  message: 'Starting getUsersJobs function',
  level: 'info',
  timestamp: '2024-09-27T21:16:19.606Z'
}
{
  message: 'getUserByEmail - 55.82ms',
  level: 'info',
  timestamp: '2024-09-27T21:16:19.663Z'
}
{
  message: 'getUsersJobs - Total duration: 118.84ms',
  level: 'info',
  timestamp: '2024-09-27T21:16:19.725Z'
}
{
  message: 'Starting getUsersJobs function',
  level: 'info',
  timestamp: '2024-09-27T21:16:34.809Z'
}
{
  message: 'getUserByEmail - 55.60ms',
  level: 'info',
  timestamp: '2024-09-27T21:16:34.865Z'
}
{
  message: 'getUsersJobs - Total duration: 109.51ms',
  level: 'info',
  timestamp: '2024-09-27T21:16:34.918Z'
}
{
  message: 'Starting getUsersJobs function',
  level: 'info',
  timestamp: '2024-09-27T21:16:50.276Z'
}
{
  message: 'getUserByEmail - 50.50ms',
  level: 'info',
  timestamp: '2024-09-27T21:16:50.327Z'
}
{
  message: 'getUsersJobs - Total duration: 102.03ms',
  level: 'info',
  timestamp: '2024-09-27T21:16:50.378Z'
}
{
  message: 'Starting getUsersJobs function',
  level: 'info',
  timestamp: '2024-09-28T01:05:40.179Z'
}
{
  message: 'Starting getUsersJobs function',
  level: 'info',
  timestamp: '2024-09-28T01:05:40.183Z'
}
{
  message: 'getUserByEmail - 347.95ms',
  level: 'info',
  timestamp: '2024-09-28T01:05:40.528Z'
}
{
  message: 'getUserByEmail - 384.52ms',
  level: 'info',
  timestamp: '2024-09-28T01:05:40.568Z'
}
{
  message: 'getUsersJobs - Total duration: 409.47ms',
  level: 'info',
  timestamp: '2024-09-28T01:05:40.588Z'
}
{
  message: 'getUsersJobs - Total duration: 445.42ms',
  level: 'info',
  timestamp: '2024-09-28T01:05:40.629Z'
}
{
  message: 'Starting getUsersJobs function',
  level: 'info',
  timestamp: '2024-09-28T01:05:40.798Z'
}
{
  message: 'getUserByEmail - 48.67ms',
  level: 'info',
  timestamp: '2024-09-28T01:05:40.848Z'
}
{
  message: 'getUsersJobs - Total duration: 102.11ms',
  level: 'info',
  timestamp: '2024-09-28T01:05:40.900Z'
}
{
  message: 'Starting getUsersJobs function',
  level: 'info',
  timestamp: '2024-09-28T01:06:39.846Z'
}
{
  message: 'getUserByEmail - 58.87ms',
  level: 'info',
  timestamp: '2024-09-28T01:06:39.905Z'
}
{
  message: 'getUsersJobs - Total duration: 110.98ms',
  level: 'info',
  timestamp: '2024-09-28T01:06:39.957Z'
}
{
  message: 'Starting getUsersJobs function',
  level: 'info',
  timestamp: '2024-09-28T01:06:54.177Z'
}
{
  message: 'getUserByEmail - 54.05ms',
  level: 'info',
  timestamp: '2024-09-28T01:06:54.232Z'
}
{
  message: 'getUsersJobs - Total duration: 105.19ms',
  level: 'info',
  timestamp: '2024-09-28T01:06:54.283Z'
}
{
  message: 'Starting getUsersJobs function',
  level: 'info',
  timestamp: '2024-09-28T01:07:00.707Z'
}
{
  message: 'getUserByEmail - 53.73ms',
  level: 'info',
  timestamp: '2024-09-28T01:07:00.761Z'
}
{
  message: 'getUsersJobs - Total duration: 109.42ms',
  level: 'info',
  timestamp: '2024-09-28T01:07:00.816Z'
}
{
  message: 'Starting getUsersJobs function',
  level: 'info',
  timestamp: '2024-09-28T01:07:16.307Z'
}
{
  message: 'getUserByEmail - 63.34ms',
  level: 'info',
  timestamp: '2024-09-28T01:07:16.371Z'
}
{
  message: 'getUsersJobs - Total duration: 119.13ms',
  level: 'info',
  timestamp: '2024-09-28T01:07:16.426Z'
}
{
  message: 'Starting getUsersJobs function',
  level: 'info',
  timestamp: '2024-09-28T01:09:54.930Z'
}
{
  message: 'getUserByEmail - 54.86ms',
  level: 'info',
  timestamp: '2024-09-28T01:09:54.986Z'
}
{
  message: 'getUsersJobs - Total duration: 127.31ms',
  level: 'info',
  timestamp: '2024-09-28T01:09:55.058Z'
}
{
  message: 'Starting getUsersJobs function',
  level: 'info',
  timestamp: '2024-09-28T01:10:10.483Z'
}
{
  message: 'getUserByEmail - 56.28ms',
  level: 'info',
  timestamp: '2024-09-28T01:10:10.540Z'
}
{
  message: 'getUsersJobs - Total duration: 108.89ms',
  level: 'info',
  timestamp: '2024-09-28T01:10:10.592Z'
}
{
  message: 'Starting getUsersJobs function',
  level: 'info',
  timestamp: '2024-09-28T01:11:34.456Z'
}
{
  message: 'getUserByEmail - 54.58ms',
  level: 'info',
  timestamp: '2024-09-28T01:11:34.511Z'
}
{
  message: 'getUsersJobs - Total duration: 105.85ms',
  level: 'info',
  timestamp: '2024-09-28T01:11:34.561Z'
}
{
  message: 'Starting getUsersJobs function',
  level: 'info',
  timestamp: '2024-09-28T01:11:37.739Z'
}
{
  message: 'Starting getUsersJobs function',
  level: 'info',
  timestamp: '2024-09-28T01:11:37.744Z'
}
{
  message: 'Starting getUsersJobs function',
  level: 'info',
  timestamp: '2024-09-28T01:11:37.788Z'
}
{
  message: 'getUserByEmail - 51.94ms',
  level: 'info',
  timestamp: '2024-09-28T01:11:37.792Z'
}
{
  message: 'getUserByEmail - 54.08ms',
  level: 'info',
  timestamp: '2024-09-28T01:11:37.799Z'
}
{
  message: 'getUsersJobs - Total duration: 106.30ms',
  level: 'info',
  timestamp: '2024-09-28T01:11:37.846Z'
}
{
  message: 'getUsersJobs - Total duration: 103.01ms',
  level: 'info',
  timestamp: '2024-09-28T01:11:37.847Z'
}
{
  message: 'getUserByEmail - 392.96ms',
  level: 'info',
  timestamp: '2024-09-28T01:11:38.182Z'
}
{
  message: 'getUsersJobs - Total duration: 450.52ms',
  level: 'info',
  timestamp: '2024-09-28T01:11:38.239Z'
}
{
  message: 'Starting getUsersJobs function',
  level: 'info',
  timestamp: '2024-09-28T01:55:14.196Z'
}
{
  message: 'getUserByEmail - 359.91ms',
  level: 'info',
  timestamp: '2024-09-28T01:55:14.557Z'
}
{
  message: 'getUsersJobs - Total duration: 426.01ms',
  level: 'info',
  timestamp: '2024-09-28T01:55:14.622Z'
}
{
  message: 'Starting getUsersJobs function',
  level: 'info',
  timestamp: '2024-09-28T01:55:49.331Z'
}
{
  message: 'getUserByEmail - 54.60ms',
  level: 'info',
  timestamp: '2024-09-28T01:55:49.387Z'
}
{
  message: 'getUsersJobs - Total duration: 109.12ms',
  level: 'info',
  timestamp: '2024-09-28T01:55:49.441Z'
}
{
  message: 'Starting getUsersJobs function',
  level: 'info',
  timestamp: '2024-09-28T01:57:47.612Z'
}
{
  message: 'Starting getUsersJobs function',
  level: 'info',
  timestamp: '2024-09-28T01:57:47.614Z'
}
{
  message: 'Starting getUsersJobs function',
  level: 'info',
  timestamp: '2024-09-28T01:57:47.635Z'
}
{
  message: 'getUserByEmail - 60.09ms',
  level: 'info',
  timestamp: '2024-09-28T01:57:47.673Z'
}
{
  message: 'getUsersJobs - Total duration: 107.19ms',
  level: 'info',
  timestamp: '2024-09-28T01:57:47.719Z'
}
{
  message: 'getUserByEmail - 409.12ms',
  level: 'info',
  timestamp: '2024-09-28T01:57:48.044Z'
}
{
  message: 'getUserByEmail - 436.33ms',
  level: 'info',
  timestamp: '2024-09-28T01:57:48.051Z'
}
{
  message: 'getUsersJobs - Total duration: 471.50ms',
  level: 'info',
  timestamp: '2024-09-28T01:57:48.106Z'
}
{
  message: 'getUsersJobs - Total duration: 500.65ms',
  level: 'info',
  timestamp: '2024-09-28T01:57:48.115Z'
}
{
  message: 'Starting getUsersJobs function',
  level: 'info',
  timestamp: '2024-09-28T01:58:25.604Z'
}
{
  message: 'Starting getUsersJobs function',
  level: 'info',
  timestamp: '2024-09-28T01:58:25.608Z'
}
{
  message: 'Starting getUsersJobs function',
  level: 'info',
  timestamp: '2024-09-28T01:58:25.632Z'
}
{
  message: 'getUserByEmail - 52.44ms',
  level: 'info',
  timestamp: '2024-09-28T01:58:25.657Z'
}
{
  message: 'getUserByEmail - 53.91ms',
  level: 'info',
  timestamp: '2024-09-28T01:58:25.663Z'
}
{
  message: 'getUserByEmail - 59.90ms',
  level: 'info',
  timestamp: '2024-09-28T01:58:25.692Z'
}
{
  message: 'getUsersJobs - Total duration: 105.45ms',
  level: 'info',
  timestamp: '2024-09-28T01:58:25.709Z'
}
{
  message: 'getUsersJobs - Total duration: 106.15ms',
  level: 'info',
  timestamp: '2024-09-28T01:58:25.714Z'
}
{
  message: 'getUsersJobs - Total duration: 116.06ms',
  level: 'info',
  timestamp: '2024-09-28T01:58:25.748Z'
}
